This is pdfTeX, Version 3.14159265-2.6-1.40.17 (TeX Live 2016/W32TeX) (preloaded format=pdflatex 2017.5.9)  9 DEC 2018 16:50
entering extended mode
 restricted \write18 enabled.
 %&-line parsing enabled.
**./references.tex
(./references.tex
LaTeX2e <2016/03/31>
Babel <3.9r> and hyphenation patterns for 83 language(s) loaded.

! LaTeX Error: Missing \begin{document}.

See the LaTeX manual or LaTeX Companion for explanation.
Type  H <return>  for immediate help.
 ...                                              
                                                  
l.2 \begin{itemize}
                   
You're in trouble here.  Try typing  <return>  to proceed.
If that doesn't work, type  X <return>  to quit.


Overfull \hbox (20.0pt too wide) in paragraph at lines 2--2
[] 
 []

Missing character: There is no B in font nullfont!
Missing character: There is no r in font nullfont!
Missing character: There is no u in font nullfont!
Missing character: There is no c in font nullfont!
Missing character: There is no e in font nullfont!
Missing character: There is no P in font nullfont!
Missing character: There is no o in font nullfont!
Missing character: There is no w in font nullfont!
Missing character: There is no e in font nullfont!
Missing character: There is no l in font nullfont!
Missing character: There is no D in font nullfont!
Missing character: There is no o in font nullfont!
Missing character: There is no u in font nullfont!
Missing character: There is no g in font nullfont!
Missing character: There is no l in font nullfont!
Missing character: There is no a in font nullfont!
Missing character: There is no s in font nullfont!
Missing character: There is no s in font nullfont!
Missing character: There is no , in font nullfont!
Missing character: There is no P in font nullfont!
Missing character: There is no h in font nullfont!
Missing character: There is no D in font nullfont!
Missing character: There is no , in font nullfont!
Missing character: There is no " in font nullfont!
Missing character: There is no " in font nullfont!

Overfull \hbox (15.72765pt too wide) in paragraph at lines 3--4
\OT1/cmr/m/it/10 De-
 []


Overfull \hbox (17.37767pt too wide) in paragraph at lines 3--4
\OT1/cmr/m/it/10 sign
 []


Overfull \hbox (18.79431pt too wide) in paragraph at lines 3--4
\OT1/cmr/m/it/10 Pat-
 []


Overfull \hbox (21.84984pt too wide) in paragraph at lines 3--4
\OT1/cmr/m/it/10 terns
 []


Overfull \hbox (12.39436pt too wide) in paragraph at lines 3--4
\OT1/cmr/m/it/10 for
 []


Overfull \hbox (18.53877pt too wide) in paragraph at lines 3--4
\OT1/cmr/m/it/10 Em-
 []


Overfull \hbox (16.8665pt too wide) in paragraph at lines 3--4
\OT1/cmr/m/it/10 bed-
 []


Overfull \hbox (14.311pt too wide) in paragraph at lines 3--4
\OT1/cmr/m/it/10 ded
 []


Overfull \hbox (18.14432pt too wide) in paragraph at lines 3--4
\OT1/cmr/m/it/10 Sys-
 []


Overfull \hbox (20.18875pt too wide) in paragraph at lines 3--4
\OT1/cmr/m/it/10 tems
 []


Overfull \hbox (8.68884pt too wide) in paragraph at lines 3--4
\OT1/cmr/m/it/10 in
 []


Overfull \hbox (10.22215pt too wide) in paragraph at lines 3--4
\OT1/cmr/m/it/10 C:
 []


Overfull \hbox (12.79991pt too wide) in paragraph at lines 3--4
\OT1/cmr/m/it/10 An
 []


Overfull \hbox (18.53877pt too wide) in paragraph at lines 3--4
\OT1/cmr/m/it/10 Em-
 []


Overfull \hbox (16.8665pt too wide) in paragraph at lines 3--4
\OT1/cmr/m/it/10 bed-
 []


Overfull \hbox (14.311pt too wide) in paragraph at lines 3--4
\OT1/cmr/m/it/10 ded
 []


Overfull \hbox (20.69986pt too wide) in paragraph at lines 3--4
\OT1/cmr/m/it/10 Soft-
 []


Overfull \hbox (20.06096pt too wide) in paragraph at lines 3--4
\OT1/cmr/m/it/10 ware
 []


Overfull \hbox (15.98323pt too wide) in paragraph at lines 3--4
\OT1/cmr/m/it/10 En-
 []


Overfull \hbox (11.24435pt too wide) in paragraph at lines 3--4
\OT1/cmr/m/it/10 gi-
 []


Overfull \hbox (22.10536pt too wide) in paragraph at lines 3--4
\OT1/cmr/m/it/10 neer-
 []


Overfull \hbox (13.2888pt too wide) in paragraph at lines 3--4
\OT1/cmr/m/it/10 ing
 []


Overfull \hbox (30.59283pt too wide) in paragraph at lines 3--4
\OT1/cmr/m/it/10 Toolkit 
 []

Missing character: There is no G in font nullfont!
Missing character: There is no a in font nullfont!
Missing character: There is no m in font nullfont!
Missing character: There is no m in font nullfont!
Missing character: There is no a in font nullfont!
Missing character: There is no E in font nullfont!
Missing character: There is no . in font nullfont!
Missing character: There is no , in font nullfont!
Missing character: There is no H in font nullfont!
Missing character: There is no e in font nullfont!
Missing character: There is no l in font nullfont!
Missing character: There is no m in font nullfont!
Missing character: There is no R in font nullfont!
Missing character: There is no . in font nullfont!
Missing character: There is no , in font nullfont!
Missing character: There is no J in font nullfont!
Missing character: There is no o in font nullfont!
Missing character: There is no h in font nullfont!
Missing character: There is no n in font nullfont!
Missing character: There is no s in font nullfont!
Missing character: There is no o in font nullfont!
Missing character: There is no n in font nullfont!
Missing character: There is no R in font nullfont!
Missing character: There is no . in font nullfont!
Missing character: There is no , in font nullfont!
Missing character: There is no V in font nullfont!
Missing character: There is no l in font nullfont!
Missing character: There is no i in font nullfont!
Missing character: There is no s in font nullfont!
Missing character: There is no s in font nullfont!
Missing character: There is no i in font nullfont!
Missing character: There is no d in font nullfont!
Missing character: There is no e in font nullfont!
Missing character: There is no s in font nullfont!
Missing character: There is no , in font nullfont!
Missing character: There is no J in font nullfont!
Missing character: There is no . in font nullfont!
Missing character: There is no " in font nullfont!
Missing character: There is no " in font nullfont!
Missing character: There is no . in font nullfont!

Overfull \hbox (15.72765pt too wide) in paragraph at lines 4--5
\OT1/cmr/m/it/10 De-
 []


Overfull \hbox (17.37767pt too wide) in paragraph at lines 4--5
\OT1/cmr/m/it/10 sign
 []


Overfull \hbox (18.79431pt too wide) in paragraph at lines 4--5
\OT1/cmr/m/it/10 Pat-
 []


Overfull \hbox (21.84984pt too wide) in paragraph at lines 4--5
\OT1/cmr/m/it/10 terns
 []


Overfull \hbox (12.91658pt too wide) in paragraph at lines 4--5
\OT1/cmr/m/it/10 El-
 []


Overfull \hbox (8.1777pt too wide) in paragraph at lines 4--5
\OT1/cmr/m/it/10 e-
 []


Overfull \hbox (25.81094pt too wide) in paragraph at lines 4--5
\OT1/cmr/m/it/10 ments
 []


Overfull \hbox (8.17773pt too wide) in paragraph at lines 4--5
\OT1/cmr/m/it/10 of
 []


Overfull \hbox (34.62752pt too wide) in paragraph at lines 4--5
\OT1/cmr/m/it/10 reusable
 []


Overfull \hbox (30.92197pt too wide) in paragraph at lines 4--5
\OT1/cmr/m/it/10 Object-
 []


Overfull \hbox (37.69417pt too wide) in paragraph at lines 4--5
\OT1/cmr/m/it/10 Oriented
 []


Overfull \hbox (20.69986pt too wide) in paragraph at lines 4--5
\OT1/cmr/m/it/10 Soft-
 []


Overfull \hbox (20.81235pt too wide) in paragraph at lines 4--5
\OT1/cmr/m/it/10 ware 
 []

)
! Emergency stop.
<*> ./references.tex
                    
*** (job aborted, no legal \end found)

 
Here is how much of TeX's memory you used:
 10 strings out of 493014
 189 string characters out of 6137002
 54601 words of memory out of 5000000
 3652 multiletter control sequences out of 15000+600000
 3986 words of font info for 15 fonts, out of 8000000 for 9000
 1141 hyphenation exceptions out of 8191
 13i,1n,10p,164b,111s stack positions out of 5000i,500n,10000p,200000b,80000s
!  ==> Fatal error occurred, no output PDF file produced!
