\BOOKMARK [1][-]{table.caption.2}{Table of Contents}{}% 1
\BOOKMARK [1][-]{section*.3}{List of Figures}{}% 2
\BOOKMARK [1][-]{section*.4}{List of Tables}{}% 3
\BOOKMARK [1][-]{section.1}{Introduction}{}% 4
\BOOKMARK [2][-]{subsection.1.1}{Purpose}{section.1}% 5
\BOOKMARK [3][-]{subsubsection.1.1.1}{Goals}{subsection.1.1}% 6
\BOOKMARK [2][-]{subsection.1.2}{Scope}{section.1}% 7
\BOOKMARK [3][-]{subsubsection.1.2.1}{Problem Analysis}{subsection.1.2}% 8
\BOOKMARK [3][-]{subsubsection.1.2.2}{World Phenomena}{subsection.1.2}% 9
\BOOKMARK [2][-]{subsection.1.3}{Definitions, Acronyms, Abbreviations}{section.1}% 10
\BOOKMARK [3][-]{subsubsection.1.3.1}{Definitions}{subsection.1.3}% 11
\BOOKMARK [3][-]{subsubsection.1.3.2}{Acronyms}{subsection.1.3}% 12
\BOOKMARK [3][-]{subsubsection.1.3.3}{Abbreviations}{subsection.1.3}% 13
\BOOKMARK [2][-]{subsection.1.4}{Revision history}{section.1}% 14
\BOOKMARK [2][-]{subsection.1.5}{Reference Documents}{section.1}% 15
\BOOKMARK [2][-]{subsection.1.6}{Document Structure}{section.1}% 16
\BOOKMARK [3][-]{subsubsection.1.6.1}{Chapter 1}{subsection.1.6}% 17
\BOOKMARK [3][-]{subsubsection.1.6.2}{Chapter 2}{subsection.1.6}% 18
\BOOKMARK [3][-]{subsubsection.1.6.3}{Chapter 3}{subsection.1.6}% 19
\BOOKMARK [3][-]{subsubsection.1.6.4}{Chapter 4}{subsection.1.6}% 20
\BOOKMARK [3][-]{subsubsection.1.6.5}{Chapter 5}{subsection.1.6}% 21
\BOOKMARK [1][-]{section.2}{Overall Description}{}% 22
\BOOKMARK [2][-]{subsection.2.1}{Product Perspective}{section.2}% 23
\BOOKMARK [3][-]{subsubsection.2.1.1}{Data4Help}{subsection.2.1}% 24
\BOOKMARK [3][-]{subsubsection.2.1.2}{AutomatedSOS}{subsection.2.1}% 25
\BOOKMARK [2][-]{subsection.2.2}{User Characteristics}{section.2}% 26
\BOOKMARK [2][-]{subsection.2.3}{Assumptions, Dependencies and Constraints}{section.2}% 27
\BOOKMARK [3][-]{subsubsection.2.3.1}{Domain Assumptions}{subsection.2.3}% 28
\BOOKMARK [1][-]{section.3}{Specific Requirements}{}% 29
\BOOKMARK [2][-]{subsection.3.1}{External Interface Requirements}{section.3}% 30
\BOOKMARK [3][-]{subsubsection.3.1.1}{D4H: User Interfaces}{subsection.3.1}% 31
\BOOKMARK [3][-]{subsubsection.3.1.2}{D4H: Third Party Interfaces}{subsection.3.1}% 32
\BOOKMARK [3][-]{subsubsection.3.1.3}{ASOS: User Interfaces}{subsection.3.1}% 33
\BOOKMARK [3][-]{subsubsection.3.1.4}{Hardware Interfaces}{subsection.3.1}% 34
\BOOKMARK [3][-]{subsubsection.3.1.5}{Software Interfaces}{subsection.3.1}% 35
\BOOKMARK [3][-]{subsubsection.3.1.6}{Communication Interfaces}{subsection.3.1}% 36
\BOOKMARK [2][-]{subsection.3.2}{Data4Help Scenarios}{section.3}% 37
\BOOKMARK [3][-]{subsubsection.3.2.1}{Scenario 1}{subsection.3.2}% 38
\BOOKMARK [3][-]{subsubsection.3.2.2}{Scenario 2}{subsection.3.2}% 39
\BOOKMARK [3][-]{subsubsection.3.2.3}{Scenario 3}{subsection.3.2}% 40
\BOOKMARK [3][-]{subsubsection.3.2.4}{Scenario 4}{subsection.3.2}% 41
\BOOKMARK [2][-]{subsection.3.3}{AutomatedSOS Scenarios}{section.3}% 42
\BOOKMARK [3][-]{subsubsection.3.3.1}{Scenario 1}{subsection.3.3}% 43
\BOOKMARK [3][-]{subsubsection.3.3.2}{Scenario 2}{subsection.3.3}% 44
\BOOKMARK [3][-]{subsubsection.3.3.3}{Scenario 3}{subsection.3.3}% 45
\BOOKMARK [2][-]{subsection.3.4}{Functional Requirements}{section.3}% 46
\BOOKMARK [3][-]{subsubsection.3.4.1}{Data4Help}{subsection.3.4}% 47
\BOOKMARK [3][-]{subsubsection.3.4.2}{AutomatedSOS}{subsection.3.4}% 48
\BOOKMARK [2][-]{subsection.3.5}{UML Modeling}{section.3}% 49
\BOOKMARK [3][-]{subsubsection.3.5.1}{Data4Help Use Cases}{subsection.3.5}% 50
\BOOKMARK [3][-]{subsubsection.3.5.2}{AutomatedSOS Use Cases}{subsection.3.5}% 51
\BOOKMARK [3][-]{subsubsection.3.5.3}{Data4Help Sequence Diagrams}{subsection.3.5}% 52
\BOOKMARK [3][-]{subsubsection.3.5.4}{AutomatedSOS Sequence Diagrams}{subsection.3.5}% 53
\BOOKMARK [2][-]{subsection.3.6}{Performance Requirements}{section.3}% 54
\BOOKMARK [2][-]{subsection.3.7}{Design Constraints}{section.3}% 55
\BOOKMARK [2][-]{subsection.3.8}{Software System Attributes}{section.3}% 56
\BOOKMARK [3][-]{subsubsection.3.8.1}{Reliability}{subsection.3.8}% 57
\BOOKMARK [3][-]{subsubsection.3.8.2}{Availability}{subsection.3.8}% 58
\BOOKMARK [3][-]{subsubsection.3.8.3}{Security}{subsection.3.8}% 59
\BOOKMARK [3][-]{subsubsection.3.8.4}{Maintainability}{subsection.3.8}% 60
\BOOKMARK [3][-]{subsubsection.3.8.5}{Portability}{subsection.3.8}% 61
\BOOKMARK [1][-]{section.4}{Formal Analysis Using Alloy}{}% 62
\BOOKMARK [1][-]{section.5}{Effort Spent}{}% 63
\BOOKMARK [1][-]{section.5}{References}{}% 64
