\BOOKMARK [1][-]{table.caption.2}{Table of Contents}{}% 1
\BOOKMARK [1][-]{section*.3}{List of Figures}{}% 2
\BOOKMARK [1][-]{section.1}{Introduction}{}% 3
\BOOKMARK [2][-]{subsection.1.1}{Purpose}{section.1}% 4
\BOOKMARK [2][-]{subsection.1.2}{Scope}{section.1}% 5
\BOOKMARK [2][-]{subsection.1.3}{Definitions, Acronyms, Abbreviations}{section.1}% 6
\BOOKMARK [3][-]{subsubsection.1.3.1}{Definitions}{subsection.1.3}% 7
\BOOKMARK [3][-]{subsubsection.1.3.2}{Acronyms}{subsection.1.3}% 8
\BOOKMARK [3][-]{subsubsection.1.3.3}{Abbreviations}{subsection.1.3}% 9
\BOOKMARK [2][-]{subsection.1.4}{Revision History}{section.1}% 10
\BOOKMARK [2][-]{subsection.1.5}{Reference Documents}{section.1}% 11
\BOOKMARK [2][-]{subsection.1.6}{Document Structure}{section.1}% 12
\BOOKMARK [3][-]{subsubsection.1.6.1}{Chapter 1}{subsection.1.6}% 13
\BOOKMARK [3][-]{subsubsection.1.6.2}{Chapter 2}{subsection.1.6}% 14
\BOOKMARK [3][-]{subsubsection.1.6.3}{Chapter 3}{subsection.1.6}% 15
\BOOKMARK [3][-]{subsubsection.1.6.4}{Chapter 4}{subsection.1.6}% 16
\BOOKMARK [3][-]{subsubsection.1.6.5}{Chapter 5}{subsection.1.6}% 17
\BOOKMARK [1][-]{section.2}{Architectural Design}{}% 18
\BOOKMARK [2][-]{subsection.2.1}{Overview}{section.2}% 19
\BOOKMARK [2][-]{subsection.2.2}{Component View}{section.2}% 20
\BOOKMARK [3][-]{subsubsection.2.2.1}{Common Components}{subsection.2.2}% 21
\BOOKMARK [3][-]{subsubsection.2.2.2}{Data4Help Client Components View}{subsection.2.2}% 22
\BOOKMARK [3][-]{subsubsection.2.2.3}{AutomatedSOS Client Component View}{subsection.2.2}% 23
\BOOKMARK [3][-]{subsubsection.2.2.4}{Server Side Component View}{subsection.2.2}% 24
\BOOKMARK [3][-]{subsubsection.2.2.5}{Entity-Relationship Diagram}{subsection.2.2}% 25
\BOOKMARK [2][-]{subsection.2.3}{Deployment View}{section.2}% 26
\BOOKMARK [2][-]{subsection.2.4}{Runtime View}{section.2}% 27
\BOOKMARK [2][-]{subsection.2.5}{Component Interfaces}{section.2}% 28
\BOOKMARK [3][-]{subsubsection.2.5.1}{D4H Client Component Interfaces}{subsection.2.5}% 29
\BOOKMARK [3][-]{subsubsection.2.5.2}{ASOS Client Component Interfaces}{subsection.2.5}% 30
\BOOKMARK [3][-]{subsubsection.2.5.3}{Server Component Interfaces}{subsection.2.5}% 31
\BOOKMARK [2][-]{subsection.2.6}{Selected Architectural Styles and Patterns}{section.2}% 32
\BOOKMARK [2][-]{subsection.2.7}{Other Design Decisions}{section.2}% 33
\BOOKMARK [1][-]{section.3}{User Interface Design}{}% 34
\BOOKMARK [2][-]{subsection.3.1}{Mock-ups}{section.3}% 35
\BOOKMARK [2][-]{subsection.3.2}{UX Diagrams}{section.3}% 36
\BOOKMARK [3][-]{subsubsection.3.2.1}{Data4Help}{subsection.3.2}% 37
\BOOKMARK [3][-]{subsubsection.3.2.2}{AutomatedSOS}{subsection.3.2}% 38
\BOOKMARK [1][-]{section.4}{Requirements Traceability}{}% 39
\BOOKMARK [2][-]{subsection.4.1}{Data4Help}{section.4}% 40
\BOOKMARK [2][-]{subsection.4.2}{AutomatedSOS}{section.4}% 41
\BOOKMARK [1][-]{section.5}{Implementation, Integration and Test Plan}{}% 42
\BOOKMARK [2][-]{subsection.5.1}{Implementation}{section.5}% 43
\BOOKMARK [3][-]{subsubsection.5.1.1}{Client Applications}{subsection.5.1}% 44
\BOOKMARK [3][-]{subsubsection.5.1.2}{Server Application}{subsection.5.1}% 45
\BOOKMARK [2][-]{subsection.5.2}{Integration and Testing}{section.5}% 46
\BOOKMARK [3][-]{subsubsection.5.2.1}{Client: Data4Help and AutomatedSOS Testing}{subsection.5.2}% 47
\BOOKMARK [3][-]{subsubsection.5.2.2}{Server-side Testing}{subsection.5.2}% 48
\BOOKMARK [3][-]{subsubsection.5.2.3}{Communication Testing}{subsection.5.2}% 49
\BOOKMARK [1][-]{section.6}{Effort Spent}{}% 50
\BOOKMARK [1][-]{section.7}{References}{}% 51
